FAMSA (Fast and Accurate Multiple Sequence Alignment) ver. 1.2.5 CPU and GPU
  by S. Deorowicz, A. Debudaj-Grabysz, A. Gudys (2018-10-01)

Done!
FAMSA (Fast and Accurate Multiple Sequence Alignment) ver. 1.2.5 CPU and GPU
  by S. Deorowicz, A. Debudaj-Grabysz, A. Gudys (2018-10-01)

Done!
FAMSA (Fast and Accurate Multiple Sequence Alignment) ver. 1.2.5 CPU and GPU
  by S. Deorowicz, A. Debudaj-Grabysz, A. Gudys (2018-10-01)

Done!
FAMSA (Fast and Accurate Multiple Sequence Alignment) ver. 1.2.5 CPU and GPU
  by S. Deorowicz, A. Debudaj-Grabysz, A. Gudys (2018-10-01)

Done!
FAMSA (Fast and Accurate Multiple Sequence Alignment) ver. 1.2.5 CPU and GPU
  by S. Deorowicz, A. Debudaj-Grabysz, A. Gudys (2018-10-01)

Done!
FAMSA (Fast and Accurate Multiple Sequence Alignment) ver. 1.2.5 CPU and GPU
  by S. Deorowicz, A. Debudaj-Grabysz, A. Gudys (2018-10-01)

Done!
FAMSA (Fast and Accurate Multiple Sequence Alignment) ver. 1.2.5 CPU and GPU
  by S. Deorowicz, A. Debudaj-Grabysz, A. Gudys (2018-10-01)

Done!
FAMSA (Fast and Accurate Multiple Sequence Alignment) ver. 1.2.5 CPU and GPU
  by S. Deorowicz, A. Debudaj-Grabysz, A. Gudys (2018-10-01)

Done!
sum(lengths):  19031
len(orf_id_list):  18607
0        False
1        False
2        False
3        False
4        False
         ...  
19026    False
19027    False
19028    False
19029    False
19030    False
Length: 19031, dtype: bool
[]
WHOOPS
1108 genomes passed the threshold for number of hits.
Beginning alignments...
Your concatenated alignment is 48155 characters long. Congratulations
